<?xml version="1.0" encoding="UTF-8"?>
<!-- Generated by org.testng.reporters.JUnitXMLReporter -->
<testsuite ignored="0" hostname="Xyoss005" failures="1" tests="3" name="Test" time="119.228" errors="0" timestamp="2024-03-27T15:24:19 IST">
  <testcase classname="testCases.TC_002_Login" name="doLoginWithInvalidCreds" time="0.0">
    <failure type="org.testng.TestNGException" message="
Cannot inject @Test annotated Method [doLoginWithInvalidCreds] with [class java.lang.String].
For more information on native dependency injection please refer to https://testng.org/doc/documentation-main.html#native-dependency-injection">
      <![CDATA[org.testng.TestNGException: 
Cannot inject @Test annotated Method [doLoginWithInvalidCreds] with [class java.lang.String].
For more information on native dependency injection please refer to https://testng.org/doc/documentation-main.html#native-dependency-injection
at java.base/java.util.ArrayList.forEach(ArrayList.java:1511)
... Removed 26 stack frames]]>
    </failure>
  </testcase> <!-- doLoginWithInvalidCreds -->
  <testcase classname="testCases.TC_002_Login" name="doLoginWithValidCreds" time="64.367"/>
  <testcase classname="testCases.TC_003_Logout" name="doLogout" time="35.617"/>
</testsuite> <!-- Test -->
