<?xml version="1.0" encoding="UTF-8"?>
<testng-results ignored="0" total="1" passed="1" failed="0" skipped="0">
  <reporter-output>
  </reporter-output>
  <suite started-at="2024-03-28T13:31:09 IST" name="Restaurant Reservation Automation TestSuite" finished-at="2024-03-28T13:31:34 IST" duration-ms="24198">
    <groups>
      <group name="Staff Login Account">
        <method signature="TC_011_Staff_Login.staffLogin(java.lang.String)[pri:0, instance:testCases.TC_011_Staff_Login@3d5c822d]" name="staffLogin" class="testCases.TC_011_Staff_Login"/>
      </group> <!-- Staff Login Account -->
    </groups>
    <test started-at="2024-03-28T13:31:09 IST" name="Restaurant Reservation Automation Test" finished-at="2024-03-28T13:31:34 IST" duration-ms="24198">
      <class name="testCases.TC_011_Staff_Login">
        <test-method is-config="true" signature="setUp()[pri:0, instance:testCases.TC_011_Staff_Login@3d5c822d]" started-at="2024-03-28T13:31:09 IST" name="setUp" finished-at="2024-03-28T13:31:12 IST" duration-ms="2424" status="PASS">
          <reporter-output>
          </reporter-output>
        </test-method> <!-- setUp -->
        <test-method signature="staffLogin(java.lang.String)[pri:0, instance:testCases.TC_011_Staff_Login@3d5c822d]" started-at="2024-03-28T13:31:12 IST" name="staffLogin" description="Staff gives valid credentials and login is successful" finished-at="2024-03-28T13:31:32 IST" duration-ms="20338" status="PASS">
          <params>
            <param index="0">
              <value>
                <![CDATA[http://localhost/MiniProject/adminSide/StaffLogin/login.php]]>
              </value>
            </param>
          </params>
          <reporter-output>
          </reporter-output>
        </test-method> <!-- staffLogin -->
        <test-method is-config="true" signature="closeDriver()[pri:0, instance:testCases.TC_011_Staff_Login@3d5c822d]" started-at="2024-03-28T13:31:32 IST" name="closeDriver" finished-at="2024-03-28T13:31:34 IST" duration-ms="1389" status="PASS">
          <reporter-output>
          </reporter-output>
        </test-method> <!-- closeDriver -->
      </class> <!-- testCases.TC_011_Staff_Login -->
    </test> <!-- Restaurant Reservation Automation Test -->
  </suite> <!-- Restaurant Reservation Automation TestSuite -->
</testng-results>
