<?xml version="1.0" encoding="UTF-8"?>
<!-- Generated by org.testng.reporters.JUnitXMLReporter -->
<testsuite ignored="0" hostname="Xyoss005" failures="0" tests="3" name="Restaurant Reservation Automation Test" time="36.184" errors="0" timestamp="2024-03-30T01:20:46 IST">
  <testcase classname="testCases.TC_015_Reservation_Details" name="searchReservation" time="8.735"/>
  <testcase classname="testCases.TC_015_Reservation_Details" name="showAllReservation" time="6.81"/>
  <testcase classname="testCases.TC_015_Reservation_Details" name="addNewReservation" time="16.122"/>
</testsuite> <!-- Restaurant Reservation Automation Test -->
