<?xml version="1.0" encoding="UTF-8"?>
<!-- Generated by org.testng.reporters.JUnitXMLReporter -->
<testsuite ignored="0" hostname="Xyoss005" failures="0" tests="4" name="Restaurant Reservation Automation Test" time="37.793" errors="0" timestamp="2024-03-28T01:46:01 IST">
  <testcase classname="testCases.TC_007_Menu" name="menuCheck" time="20.383"/>
  <testcase classname="testCases.TC_007_Menu" name="mainDisheCheck" time="3.516"/>
  <testcase classname="testCases.TC_007_Menu" name="sideDisheCheck" time="3.589"/>
  <testcase classname="testCases.TC_007_Menu" name="drinksDisheCheck" time="3.654"/>
</testsuite> <!-- Restaurant Reservation Automation Test -->
